<?xml version="1.0" encoding="UTF-8"?>
<!-- Generated by org.testng.reporters.JUnitReportReporter -->
<testsuite hostname="admin" name="Library.Book" tests="4" failures="0" timestamp="31 May 2020 15:57:58 GMT" time="7.320" errors="0">
  <testcase name="AddBook" time="6.109" classname="Library.Book"/>
  <testcase name="getDetailsUsingID" time="0.607" classname="Library.Book"/>
  <testcase name="getDetailsUsingAuthorname" time="0.310" classname="Library.Book"/>
  <testcase name="deleteBook" time="0.294" classname="Library.Book"/>
</testsuite> <!-- Library.Book -->
